2022-06-13 22:11:55 INFO  Main:15 - program start
2022-06-13 22:13:05 INFO  Main:15 - program start
2022-06-13 22:35:27 INFO  Main:15 - Program started
2022-06-13 22:35:27 INFO  Main:18 - Contex built
2022-06-13 22:35:27 INFO  MenuController:30 - Data deserialised
2022-06-25 00:54:17 INFO  Main:15 - Program started
2022-06-25 00:54:18 INFO  Main:18 - Contex built
2022-06-25 00:54:18 INFO  MenuController:30 - Data deserialised
2022-06-25 00:56:17 INFO  Main:15 - Program started
2022-06-25 00:56:17 INFO  Main:18 - Contex built
2022-06-25 00:56:17 INFO  MenuController:30 - Data deserialised
2022-06-25 01:04:09 INFO  Main:15 - Program started
2022-06-25 01:04:09 INFO  Main:18 - Contex built
2022-06-25 01:04:09 INFO  MenuController:30 - Data deserialised
2022-06-28 01:05:49 INFO  Main:15 - Program started
2022-06-28 01:05:49 INFO  Main:18 - Contex built
2022-06-28 01:05:49 INFO  MenuController:31 - Data deserialised
2022-06-28 01:09:03 INFO  Main:15 - Program started
2022-06-28 01:09:03 INFO  Main:18 - Contex built
2022-06-28 01:09:03 INFO  MenuController:31 - Data deserialised
2022-06-28 01:10:01 INFO  Main:15 - Program started
2022-06-28 01:10:01 INFO  Main:18 - Contex built
2022-06-28 01:10:01 INFO  MenuController:31 - Data deserialised
2022-06-28 01:31:46 INFO  Main:15 - Program started
2022-06-28 01:31:48 INFO  Main:18 - Contex built
2022-06-28 01:31:48 INFO  MenuController:31 - Data deserialised
2022-06-28 01:35:16 INFO  Main:15 - Program started
2022-06-28 01:35:19 INFO  Main:18 - Contex built
2022-06-28 01:35:19 INFO  MenuController:31 - Data deserialised
2022-06-29 19:28:11 INFO  Main:29 - Program started
2022-06-29 19:28:11 INFO  Main:32 - Contex built
2022-06-29 19:28:11 INFO  MenuController:31 - Data deserialised
2022-07-05 03:03:48 INFO  MyApplication:14 - Program started
2022-07-05 03:09:43 INFO  MyApplication:14 - Program started
2022-07-05 03:10:16 INFO  MyApplication:14 - Program started
2022-07-05 03:19:18 INFO  MyApplication:14 - Program started
2022-07-05 03:27:22 INFO  MyApplication:14 - Program started
2022-07-05 03:29:13 INFO  MyApplication:14 - Program started
2022-07-05 03:31:20 INFO  MyApplication:14 - Program started
2022-07-05 03:32:51 INFO  MyApplication:14 - Program started
2022-07-05 03:32:52 INFO  MyApplication:14 - Program started
2022-07-05 03:34:12 INFO  MyApplication:14 - Program started
2022-07-05 03:37:30 INFO  MyApplication:14 - Program started
2022-07-05 03:38:36 INFO  MyApplication:14 - Program started
2022-07-05 03:39:08 INFO  MyApplication:14 - Program started
2022-07-05 03:41:01 INFO  MyApplication:14 - Program started
2022-07-05 03:41:02 INFO  MyApplication:16 - Contex built
2022-07-05 03:41:02 INFO  MenuController:19 - Data deserialised
2022-07-05 03:41:38 INFO  MenuController:25 - Function completed
2022-07-05 03:44:10 INFO  MenuController:25 - Function completed
2022-07-05 19:40:41 INFO  MyApplication:14 - Program started
2022-07-05 19:40:43 INFO  MyApplication:16 - Contex built
2022-07-05 19:40:43 INFO  MenuController:19 - Data deserialised
2022-07-05 19:40:51 INFO  MenuController:25 - Function completed
2022-07-05 19:41:04 INFO  MenuController:25 - Function completed
2022-07-05 19:41:06 INFO  MenuController:25 - Function completed
2022-07-05 19:41:10 INFO  MenuController:25 - Function completed
2022-07-05 19:41:13 INFO  MenuController:25 - Function completed
2022-07-05 19:41:19 INFO  MenuController:25 - Function completed
2022-07-05 19:41:21 INFO  MenuController:25 - Function completed
2022-07-05 19:41:23 INFO  MenuController:25 - Function completed
2022-07-05 19:41:25 INFO  MenuController:25 - Function completed
2022-07-05 19:41:28 INFO  MenuController:25 - Function completed
2022-07-05 19:41:29 INFO  MenuController:25 - Function completed
2022-07-05 19:51:17 INFO  MyApplication:14 - Program started
2022-07-05 20:04:13 INFO  MyApplication:14 - Program started
2022-07-05 20:08:07 INFO  MyApplication:14 - Program started
2022-07-05 20:08:34 INFO  MyApplication:14 - Program started
2022-07-06 01:23:32 INFO  MyApplication:14 - Program started
2022-07-06 01:32:25 INFO  MyApplication:14 - Program started
2022-07-06 01:36:10 INFO  MyApplication:14 - Program started
2022-07-06 01:42:04 INFO  MyApplication:14 - Program started
2022-07-06 01:58:37 INFO  MyApplication:14 - Program started
2022-07-06 01:58:54 INFO  MyApplication:14 - Program started
2022-07-06 02:00:02 INFO  MyApplication:14 - Program started
2022-07-06 02:01:22 INFO  MyApplication:14 - Program started
2022-07-06 02:08:20 INFO  MyApplication:14 - Program started
2022-07-06 02:12:35 INFO  MyApplication:14 - Program started
2022-07-06 02:39:15 INFO  MyApplication:14 - Program started
2022-07-06 02:39:18 INFO  MyApplication:16 - Contex built
2022-07-06 02:39:18 INFO  MenuController:19 - Data deserialised
2022-07-06 02:40:44 INFO  MenuController:25 - Function completed
2022-07-06 02:40:53 ERROR RoomService:149 - db rooms sorted get operation failed
2022-07-06 02:40:53 INFO  MenuController:25 - Function completed
2022-07-06 02:41:41 INFO  MyApplication:14 - Program started
2022-07-06 02:41:44 INFO  MyApplication:16 - Contex built
2022-07-06 02:41:44 INFO  MenuController:19 - Data deserialised
2022-07-06 02:41:46 INFO  MenuController:25 - Function completed
2022-07-06 02:41:50 ERROR RoomService:150 - db rooms sorted get operation failed
2022-07-06 02:41:50 INFO  MenuController:25 - Function completed
2022-07-06 02:42:18 INFO  MyApplication:14 - Program started
2022-07-06 02:42:20 INFO  MyApplication:16 - Contex built
2022-07-06 02:42:20 INFO  MenuController:19 - Data deserialised
2022-07-06 02:42:23 INFO  MenuController:25 - Function completed
2022-07-06 02:42:28 ERROR RoomService:150 - db rooms sorted get operation failed
2022-07-06 02:42:28 INFO  MenuController:25 - Function completed
2022-07-06 02:46:05 INFO  MyApplication:14 - Program started
2022-07-06 02:46:07 INFO  MyApplication:16 - Contex built
2022-07-06 02:46:07 INFO  MenuController:19 - Data deserialised
2022-07-06 02:49:38 INFO  MyApplication:14 - Program started
2022-07-06 02:49:40 INFO  MyApplication:16 - Contex built
2022-07-06 02:49:40 INFO  MenuController:19 - Data deserialised
2022-07-06 02:50:26 INFO  MenuController:25 - Function completed
2022-07-06 02:52:02 INFO  MyApplication:14 - Program started
2022-07-06 02:52:05 INFO  MyApplication:16 - Contex built
2022-07-06 02:52:05 INFO  MenuController:19 - Data deserialised
2022-07-06 02:52:08 INFO  MenuController:25 - Function completed
2022-07-06 02:52:38 INFO  MyApplication:14 - Program started
2022-07-06 02:52:40 INFO  MyApplication:16 - Contex built
2022-07-06 02:52:40 INFO  MenuController:19 - Data deserialised
2022-07-06 02:52:42 INFO  MenuController:25 - Function completed
2022-07-06 02:54:45 INFO  MyApplication:14 - Program started
2022-07-06 02:54:47 INFO  MyApplication:16 - Contex built
2022-07-06 02:54:47 INFO  MenuController:19 - Data deserialised
2022-07-06 02:54:50 INFO  MenuController:25 - Function completed
2022-07-06 02:58:38 INFO  MyApplication:14 - Program started
2022-07-06 02:58:40 INFO  MyApplication:16 - Contex built
2022-07-06 02:58:40 INFO  MenuController:19 - Data deserialised
2022-07-06 02:58:43 INFO  MenuController:25 - Function completed
2022-07-06 02:59:36 INFO  MyApplication:14 - Program started
2022-07-06 02:59:39 INFO  MyApplication:16 - Contex built
2022-07-06 02:59:39 INFO  MenuController:19 - Data deserialised
2022-07-06 02:59:43 INFO  MenuController:25 - Function completed
2022-07-06 03:04:30 INFO  MyApplication:14 - Program started
2022-07-06 03:04:33 INFO  MyApplication:16 - Contex built
2022-07-06 03:04:33 INFO  MenuController:19 - Data deserialised
2022-07-06 03:04:40 INFO  MenuController:25 - Function completed
2022-07-06 03:04:45 INFO  MenuController:25 - Function completed
2022-07-06 03:05:09 INFO  MyApplication:14 - Program started
2022-07-06 03:05:12 INFO  MyApplication:16 - Contex built
2022-07-06 03:05:12 INFO  MenuController:19 - Data deserialised
2022-07-06 03:05:15 INFO  MenuController:25 - Function completed
2022-07-06 08:04:19 INFO  MyApplication:14 - Program started
2022-07-06 08:04:23 INFO  MyApplication:16 - Contex built
2022-07-06 08:04:23 INFO  MenuController:19 - Data deserialised
2022-07-06 08:04:30 INFO  MenuController:25 - Function completed
2022-07-06 08:10:34 INFO  MyApplication:14 - Program started
2022-07-06 08:10:37 INFO  MyApplication:16 - Contex built
2022-07-06 08:10:37 INFO  MenuController:19 - Data deserialised
2022-07-06 08:10:40 INFO  MenuController:25 - Function completed
2022-07-06 08:14:05 INFO  MyApplication:14 - Program started
2022-07-06 08:14:08 INFO  MyApplication:16 - Contex built
2022-07-06 08:14:08 INFO  MenuController:19 - Data deserialised
2022-07-06 08:14:11 INFO  MenuController:25 - Function completed
2022-07-06 08:15:44 INFO  MyApplication:14 - Program started
2022-07-06 08:17:17 INFO  MyApplication:14 - Program started
2022-07-06 08:19:57 INFO  MyApplication:14 - Program started
2022-07-06 08:20:00 INFO  MyApplication:16 - Contex built
2022-07-06 08:20:00 INFO  MenuController:19 - Data deserialised
2022-07-06 08:20:03 INFO  MenuController:25 - Function completed
2022-07-06 08:29:01 INFO  MyApplication:14 - Program started
2022-07-06 08:29:05 INFO  MyApplication:16 - Contex built
2022-07-06 08:29:05 INFO  MenuController:19 - Data deserialised
2022-07-06 08:29:08 INFO  MenuController:25 - Function completed
2022-07-06 08:31:49 INFO  MyApplication:14 - Program started
2022-07-06 08:31:52 INFO  MyApplication:16 - Contex built
2022-07-06 08:31:52 INFO  MenuController:19 - Data deserialised
2022-07-06 08:31:58 INFO  MenuController:25 - Function completed
2022-07-06 08:32:35 INFO  MyApplication:14 - Program started
2022-07-06 08:32:38 INFO  MyApplication:16 - Contex built
2022-07-06 08:32:38 INFO  MenuController:19 - Data deserialised
2022-07-06 08:32:40 INFO  MenuController:25 - Function completed
2022-07-06 10:35:27 INFO  MyApplication:14 - Program started
2022-07-06 10:35:30 INFO  MyApplication:16 - Contex built
2022-07-06 10:35:30 INFO  MenuController:19 - Data deserialised
2022-07-06 10:36:00 INFO  MyApplication:14 - Program started
2022-07-06 10:36:04 INFO  MyApplication:16 - Contex built
2022-07-06 10:36:04 INFO  MenuController:19 - Data deserialised
2022-07-06 10:36:06 INFO  MenuController:25 - Function completed
2022-07-06 10:48:01 INFO  MyApplication:16 - Program started
2022-07-06 10:53:08 INFO  MyApplication:16 - Program started
2022-07-06 10:56:41 INFO  MyApplication:16 - Program started
2022-07-06 10:56:46 INFO  MyApplication:19 - Contex built
2022-07-06 10:56:46 INFO  MenuController:19 - Data deserialised
2022-07-06 10:56:51 INFO  MenuController:25 - Function completed
2022-07-06 10:58:15 INFO  MyApplication:16 - Program started
2022-07-06 10:58:19 INFO  MyApplication:19 - Contex built
2022-07-06 10:58:19 INFO  MenuController:19 - Data deserialised
2022-07-06 10:58:21 INFO  MenuController:25 - Function completed
2022-07-06 10:58:53 INFO  MyApplication:16 - Program started
2022-07-06 10:58:58 INFO  MyApplication:19 - Contex built
2022-07-06 10:58:58 INFO  MenuController:19 - Data deserialised
2022-07-06 10:59:03 INFO  MenuController:25 - Function completed
2022-07-06 10:59:10 INFO  MenuController:25 - Function completed
2022-07-06 10:59:14 ERROR RoomService:86 - db room evict operation failed
2022-07-06 10:59:14 INFO  MenuController:25 - Function completed
2022-07-06 10:59:53 INFO  MyApplication:16 - Program started
2022-07-06 10:59:58 INFO  MyApplication:19 - Contex built
2022-07-06 10:59:58 INFO  MenuController:19 - Data deserialised
2022-07-06 11:00:00 INFO  MenuController:25 - Function completed
2022-07-06 11:00:43 INFO  MyApplication:16 - Program started
2022-07-06 11:00:48 INFO  MyApplication:19 - Contex built
2022-07-06 11:00:48 INFO  MenuController:19 - Data deserialised
2022-07-06 11:00:50 INFO  MenuController:25 - Function completed
2022-07-06 11:02:49 INFO  MyApplication:16 - Program started
2022-07-06 11:02:53 INFO  MyApplication:19 - Contex built
2022-07-06 11:02:53 INFO  MenuController:19 - Data deserialised
2022-07-06 11:02:55 INFO  MenuController:25 - Function completed
2022-07-06 11:03:13 INFO  MyApplication:16 - Program started
2022-07-06 11:03:17 INFO  MyApplication:19 - Contex built
2022-07-06 11:03:17 INFO  MenuController:19 - Data deserialised
2022-07-06 11:03:19 INFO  MenuController:25 - Function completed
2022-07-06 11:04:25 INFO  MyApplication:16 - Program started
2022-07-06 11:04:29 INFO  MyApplication:19 - Contex built
2022-07-06 11:04:29 INFO  MenuController:19 - Data deserialised
2022-07-06 11:04:31 INFO  MenuController:25 - Function completed
2022-07-06 11:05:52 INFO  MyApplication:16 - Program started
2022-07-06 11:05:57 INFO  MyApplication:19 - Contex built
2022-07-06 11:05:57 INFO  MenuController:19 - Data deserialised
2022-07-06 11:06:05 INFO  MenuController:25 - Function completed
2022-07-06 11:06:46 INFO  MyApplication:16 - Program started
2022-07-06 11:06:50 INFO  MyApplication:19 - Contex built
2022-07-06 11:06:50 INFO  MenuController:19 - Data deserialised
2022-07-06 11:06:52 INFO  MenuController:25 - Function completed
2022-07-06 11:06:56 INFO  MenuController:25 - Function completed
2022-07-06 11:09:25 INFO  MyApplication:16 - Program started
2022-07-06 11:09:29 INFO  MyApplication:19 - Contex built
2022-07-06 11:09:29 INFO  MenuController:19 - Data deserialised
2022-07-06 11:09:32 INFO  MenuController:25 - Function completed
2022-07-06 11:10:02 INFO  MyApplication:16 - Program started
2022-07-06 11:10:06 INFO  MyApplication:19 - Contex built
2022-07-06 11:10:06 INFO  MenuController:19 - Data deserialised
2022-07-06 11:10:11 INFO  MenuController:25 - Function completed
2022-07-06 11:10:32 INFO  MyApplication:16 - Program started
2022-07-06 11:10:36 INFO  MyApplication:19 - Contex built
2022-07-06 11:10:36 INFO  MenuController:19 - Data deserialised
2022-07-06 11:10:38 INFO  MenuController:25 - Function completed
2022-07-06 11:10:58 INFO  MyApplication:16 - Program started
2022-07-06 11:11:02 INFO  MyApplication:19 - Contex built
2022-07-06 11:11:02 INFO  MenuController:19 - Data deserialised
2022-07-06 11:11:04 INFO  MenuController:25 - Function completed
2022-07-06 11:11:08 INFO  MenuController:25 - Function completed
2022-07-06 17:44:43 INFO  MyApplication:16 - Program started
2022-07-06 17:44:47 INFO  MyApplication:19 - Contex built
2022-07-06 17:44:47 INFO  MenuController:19 - Data deserialised
2022-07-06 17:44:49 INFO  MenuController:25 - Function completed
2022-07-06 17:44:54 INFO  MenuController:25 - Function completed
2022-07-06 17:45:14 INFO  MyApplication:18 - Program started
2022-07-06 17:45:18 INFO  MyApplication:21 - Contex built
2022-07-06 17:45:18 INFO  MenuController:19 - Data deserialised
2022-07-06 17:45:20 INFO  MenuController:25 - Function completed
2022-07-06 17:45:32 INFO  MenuController:25 - Function completed
2022-07-06 17:45:42 INFO  MenuController:25 - Function completed
2022-07-06 17:46:52 INFO  MyApplication:15 - Program started
2022-07-06 17:46:55 INFO  MyApplication:18 - Contex built
2022-07-06 17:46:55 INFO  MenuController:19 - Data deserialised
2022-07-06 17:46:58 INFO  MenuController:25 - Function completed
2022-07-06 17:47:01 INFO  MenuController:25 - Function completed
2022-07-06 17:51:40 INFO  MyApplication:14 - Program started
2022-07-06 17:51:43 INFO  MyApplication:17 - Contex built
2022-07-06 17:51:43 INFO  MenuController:19 - Data deserialised
2022-07-06 17:51:48 INFO  MenuController:25 - Function completed
2022-07-06 17:51:53 INFO  MenuController:25 - Function completed
2022-08-04 00:48:46 ERROR RoomService:102 - db room change price operation failed
2022-08-04 00:49:22 ERROR RoomService:102 - db room change price operation failed
2022-08-04 00:59:30 ERROR RoomService:102 - db room change price operation failed
2022-08-04 01:38:15 ERROR RoomService:102 - db room change price operation failed
